[debug] ----------------------------------------------------------------------
[debug] Command:      C:\Program Files\nodejs\node.exe C:\Users\Dim Peppas\AppData\Roaming\npm\node_modules\firebase-tools\bin\firebase deploy
[debug] CLI Version:  3.0.7
[debug] Platform:     win32
[debug] Node Version: v4.5.0
[debug] Time:         Wed Sep 07 2016 18:23:48 GMT+0300 (Θερινή ώρα GTB)
[debug] ----------------------------------------------------------------------
[debug] 
[debug] > command requires scopes: ["email","openid","https://www.googleapis.com/auth/cloudplatformprojects.readonly","https://www.googleapis.com/auth/firebase"]
[debug] >>> HTTP REQUEST GET https://admin.firebase.com/v1/projects/dsa-mun-platform 
[debug] <<< HTTP RESPONSE 200
[debug] >>> HTTP REQUEST GET https://admin.firebase.com/v1/database/dsa-mun-platform/tokens 
[debug] <<< HTTP RESPONSE 200
[info] 
[info] === Deploying to 'dsa-mun-platform'...
[info] 
[info] i  deploying database, hosting
[info] +  database: rules ready to deploy.
[info] i  hosting: preparing public directory for upload...
[debug] >>> HTTP REQUEST PUT https://deploy.firebase.com/v1/hosting/dsa-mun-platform/uploads/-KR4EqjzHQUlui4-nMDi?fileCount=120&message= 
